<?xml version="1.0" encoding="UTF-8"?>
<!-- Generated by org.testng.reporters.JUnitReportReporter -->
<testsuite hostname="LAPTOP-D6TAF9DO" failures="0" tests="2" name="org.mavenExample.TestNgExample2Test" time="0.025" errors="0" timestamp="27 Jul 2022 09:09:54 GMT">
  <testcase classname="org.mavenExample.TestNgExample2Test" name="practice2Test" time="0.005"/>
  <testcase classname="org.mavenExample.TestNgExample2Test" name="practice1Test" time="0.020"/>
</testsuite> <!-- org.mavenExample.TestNgExample2Test -->
